<?xml version="1.0" encoding="UTF-8"?>
<!-- Generated by org.testng.reporters.JUnitReportReporter -->
<testsuite skipped="0" hostname="DESKTOP-LV674VA" name="com.flight.Filght" tests="4" failures="0" timestamp="2023-02-01T08:47:32 IST" time="16.197" errors="0">
  <testcase name="selectCity" time="10.828" classname="com.flight.Filght"/>
  <system-out/>
  <testcase name="selectFilght" time="0.769" classname="com.flight.Filght"/>
  <system-out/>
  <testcase name="reservedFight" time="3.550" classname="com.flight.Filght"/>
  <system-out/>
  <testcase name="purchaseConfirm" time="1.050" classname="com.flight.Filght"/>
  <system-out/>
</testsuite> <!-- com.flight.Filght -->
